[10-Jul-2015 20:31:54 Europe/Berlin] PHP Fatal error:  Cannot use object of type stdClass as array in /Applications/MAMP/htdocs/HealthCareSystem/index.php on line 38
[10-Jul-2015 20:32:02 Europe/Berlin] PHP Fatal error:  Cannot use object of type stdClass as array in /Applications/MAMP/htdocs/HealthCareSystem/index.php on line 38
[10-Jul-2015 20:32:06 Europe/Berlin] PHP Fatal error:  Cannot use object of type stdClass as array in /Applications/MAMP/htdocs/HealthCareSystem/index.php on line 38
[10-Jul-2015 20:32:35 Europe/Berlin] PHP Fatal error:  Cannot use object of type stdClass as array in /Applications/MAMP/htdocs/HealthCareSystem/index.php on line 38
[11-Jul-2015 15:45:32 Europe/Berlin] PHP Fatal error:  Class 'DoctorData' not found in /Applications/MAMP/htdocs/HealthCareSystem/index.php on line 106
[11-Jul-2015 15:45:44 Europe/Berlin] PHP Fatal error:  Class 'DoctorData' not found in /Applications/MAMP/htdocs/HealthCareSystem/index.php on line 106
[11-Jul-2015 15:48:22 Europe/Berlin] PHP Fatal error:  Class 'DoctorData' not found in /Applications/MAMP/htdocs/HealthCareSystem/index.php on line 106
[11-Jul-2015 15:51:02 Europe/Berlin] PHP Fatal error:  Class 'DoctorData' not found in /Applications/MAMP/htdocs/HealthCareSystem/index.php on line 106
[11-Jul-2015 15:53:06 Europe/Berlin] PHP Fatal error:  Class 'DoctorData' not found in /Applications/MAMP/htdocs/HealthCareSystem/index.php on line 106
[11-Jul-2015 15:56:43 Europe/Berlin] PHP Fatal error:  Class 'DoctorData' not found in /Applications/MAMP/htdocs/HealthCareSystem/index.php on line 106
[11-Jul-2015 15:56:45 Europe/Berlin] PHP Fatal error:  Class 'DoctorData' not found in /Applications/MAMP/htdocs/HealthCareSystem/index.php on line 106
[11-Jul-2015 15:56:46 Europe/Berlin] PHP Fatal error:  Class 'DoctorData' not found in /Applications/MAMP/htdocs/HealthCareSystem/index.php on line 106
[11-Jul-2015 15:57:08 Europe/Berlin] PHP Fatal error:  Class 'DoctorData' not found in /Applications/MAMP/htdocs/HealthCareSystem/index.php on line 106
[12-Jul-2015 13:07:26 Europe/Berlin] PHP Fatal error:  Class 'MasterData' not found in /Applications/MAMP/htdocs/HealthCareSystem/index.php on line 159
[12-Jul-2015 13:15:10 Europe/Berlin] PHP Fatal error:  Class 'MasterData' not found in /Applications/MAMP/htdocs/HealthCareSystem/index.php on line 159
[12-Jul-2015 13:15:21 Europe/Berlin] PHP Fatal error:  Class 'MasterData' not found in /Applications/MAMP/htdocs/HealthCareSystem/index.php on line 159
[12-Jul-2015 13:15:23 Europe/Berlin] PHP Fatal error:  Class 'MasterData' not found in /Applications/MAMP/htdocs/HealthCareSystem/index.php on line 159
[12-Jul-2015 13:16:11 Europe/Berlin] PHP Fatal error:  Class 'MasterData' not found in /Applications/MAMP/htdocs/HealthCareSystem/index.php on line 159
[12-Jul-2015 13:16:12 Europe/Berlin] PHP Fatal error:  Class 'MasterData' not found in /Applications/MAMP/htdocs/HealthCareSystem/index.php on line 159
[12-Jul-2015 13:16:12 Europe/Berlin] PHP Fatal error:  Class 'MasterData' not found in /Applications/MAMP/htdocs/HealthCareSystem/index.php on line 159
[12-Jul-2015 13:16:54 Europe/Berlin] PHP Fatal error:  Class 'MasterData' not found in /Applications/MAMP/htdocs/HealthCareSystem/index.php on line 159
[12-Jul-2015 13:17:26 Europe/Berlin] PHP Fatal error:  Class 'MasterData' not found in /Applications/MAMP/htdocs/HealthCareSystem/index.php on line 159
[12-Jul-2015 13:17:28 Europe/Berlin] PHP Fatal error:  Class 'MasterData' not found in /Applications/MAMP/htdocs/HealthCareSystem/index.php on line 159
[12-Jul-2015 13:17:28 Europe/Berlin] PHP Fatal error:  Class 'MasterData' not found in /Applications/MAMP/htdocs/HealthCareSystem/index.php on line 159
[12-Jul-2015 13:18:23 Europe/Berlin] PHP Fatal error:  Class 'MasterData' not found in /Applications/MAMP/htdocs/HealthCareSystem/index.php on line 159
[12-Jul-2015 13:21:20 Europe/Berlin] PHP Fatal error:  Class 'MasterData' not found in /Applications/MAMP/htdocs/HealthCareSystem/index.php on line 159
[12-Jul-2015 13:24:26 Europe/Berlin] PHP Fatal error:  Class 'MasterData' not found in /Applications/MAMP/htdocs/HealthCareSystem/index.php on line 159
[12-Jul-2015 13:25:00 Europe/Berlin] PHP Fatal error:  Class 'MasterData' not found in /Applications/MAMP/htdocs/HealthCareSystem/index.php on line 159
[12-Jul-2015 13:25:02 Europe/Berlin] PHP Fatal error:  Class 'MasterData' not found in /Applications/MAMP/htdocs/HealthCareSystem/index.php on line 159
[12-Jul-2015 13:25:03 Europe/Berlin] PHP Fatal error:  Class 'MasterData' not found in /Applications/MAMP/htdocs/HealthCareSystem/index.php on line 159
[12-Jul-2015 13:25:20 Europe/Berlin] PHP Fatal error:  Class 'MasterData' not found in /Applications/MAMP/htdocs/HealthCareSystem/index.php on line 159
[12-Jul-2015 13:25:23 Europe/Berlin] PHP Fatal error:  Class 'MasterData' not found in /Applications/MAMP/htdocs/HealthCareSystem/index.php on line 159
[12-Jul-2015 13:25:23 Europe/Berlin] PHP Fatal error:  Class 'MasterData' not found in /Applications/MAMP/htdocs/HealthCareSystem/index.php on line 159
[12-Jul-2015 13:25:23 Europe/Berlin] PHP Fatal error:  Class 'MasterData' not found in /Applications/MAMP/htdocs/HealthCareSystem/index.php on line 159
[12-Jul-2015 13:25:23 Europe/Berlin] PHP Fatal error:  Class 'MasterData' not found in /Applications/MAMP/htdocs/HealthCareSystem/index.php on line 159
[12-Jul-2015 13:25:24 Europe/Berlin] PHP Fatal error:  Class 'MasterData' not found in /Applications/MAMP/htdocs/HealthCareSystem/index.php on line 159
[12-Jul-2015 13:29:07 Europe/Berlin] PHP Fatal error:  Class 'MasterData' not found in /Applications/MAMP/htdocs/HealthCareSystem/index.php on line 159
[12-Jul-2015 13:33:45 Europe/Berlin] PHP Fatal error:  Class 'MasterData' not found in /Applications/MAMP/htdocs/HealthCareSystem/index.php on line 159
[12-Jul-2015 13:33:46 Europe/Berlin] PHP Fatal error:  Class 'MasterData' not found in /Applications/MAMP/htdocs/HealthCareSystem/index.php on line 159
[12-Jul-2015 13:33:46 Europe/Berlin] PHP Fatal error:  Class 'MasterData' not found in /Applications/MAMP/htdocs/HealthCareSystem/index.php on line 159
[12-Jul-2015 13:33:46 Europe/Berlin] PHP Fatal error:  Class 'MasterData' not found in /Applications/MAMP/htdocs/HealthCareSystem/index.php on line 159
[12-Jul-2015 13:41:59 Europe/Berlin] PHP Fatal error:  Class 'MasterData' not found in /Applications/MAMP/htdocs/HealthCareSystem/index.php on line 162
[12-Jul-2015 13:47:30 Europe/Berlin] PHP Fatal error:  Class 'MasterData' not found in /Applications/MAMP/htdocs/HealthCareSystem/index.php on line 162
[12-Jul-2015 13:47:32 Europe/Berlin] PHP Fatal error:  Class 'MasterData' not found in /Applications/MAMP/htdocs/HealthCareSystem/index.php on line 162
[12-Jul-2015 13:47:33 Europe/Berlin] PHP Fatal error:  Class 'MasterData' not found in /Applications/MAMP/htdocs/HealthCareSystem/index.php on line 162
[12-Jul-2015 13:47:34 Europe/Berlin] PHP Fatal error:  Class 'MasterData' not found in /Applications/MAMP/htdocs/HealthCareSystem/index.php on line 162
[12-Jul-2015 13:47:34 Europe/Berlin] PHP Fatal error:  Class 'MasterData' not found in /Applications/MAMP/htdocs/HealthCareSystem/index.php on line 162
[12-Jul-2015 13:47:35 Europe/Berlin] PHP Fatal error:  Class 'MasterData' not found in /Applications/MAMP/htdocs/HealthCareSystem/index.php on line 162
[12-Jul-2015 13:51:44 Europe/Berlin] PHP Fatal error:  Class 'MasterData' not found in /Applications/MAMP/htdocs/HealthCareSystem/index.php on line 162
[12-Jul-2015 13:56:37 Europe/Berlin] PHP Fatal error:  Class 'MasterData' not found in /Applications/MAMP/htdocs/HealthCareSystem/index.php on line 164
[12-Jul-2015 13:56:38 Europe/Berlin] PHP Fatal error:  Class 'MasterData' not found in /Applications/MAMP/htdocs/HealthCareSystem/index.php on line 164
[12-Jul-2015 14:23:26 Europe/Berlin] PHP Fatal error:  Cannot pass parameter 2 by reference in /Applications/MAMP/htdocs/HealthCareSystem/Business/MasterData.php on line 65
[12-Jul-2015 14:23:28 Europe/Berlin] PHP Fatal error:  Cannot pass parameter 2 by reference in /Applications/MAMP/htdocs/HealthCareSystem/Business/MasterData.php on line 65
[12-Jul-2015 14:23:29 Europe/Berlin] PHP Fatal error:  Cannot pass parameter 2 by reference in /Applications/MAMP/htdocs/HealthCareSystem/Business/MasterData.php on line 65
[12-Jul-2015 14:23:29 Europe/Berlin] PHP Fatal error:  Cannot pass parameter 2 by reference in /Applications/MAMP/htdocs/HealthCareSystem/Business/MasterData.php on line 65
[12-Jul-2015 14:24:34 Europe/Berlin] PHP Fatal error:  Cannot pass parameter 2 by reference in /Applications/MAMP/htdocs/HealthCareSystem/Business/MasterData.php on line 65
[12-Jul-2015 14:24:35 Europe/Berlin] PHP Fatal error:  Cannot pass parameter 2 by reference in /Applications/MAMP/htdocs/HealthCareSystem/Business/MasterData.php on line 65
[12-Jul-2015 14:24:36 Europe/Berlin] PHP Fatal error:  Cannot pass parameter 2 by reference in /Applications/MAMP/htdocs/HealthCareSystem/Business/MasterData.php on line 65
[12-Jul-2015 14:24:36 Europe/Berlin] PHP Fatal error:  Cannot pass parameter 2 by reference in /Applications/MAMP/htdocs/HealthCareSystem/Business/MasterData.php on line 65
[12-Jul-2015 14:25:16 Europe/Berlin] PHP Fatal error:  Cannot pass parameter 2 by reference in /Applications/MAMP/htdocs/HealthCareSystem/Business/MasterData.php on line 65
[12-Jul-2015 14:26:02 Europe/Berlin] PHP Fatal error:  Cannot pass parameter 2 by reference in /Applications/MAMP/htdocs/HealthCareSystem/Business/MasterData.php on line 66
[12-Jul-2015 14:31:26 Europe/Berlin] PHP Fatal error:  Cannot pass parameter 2 by reference in /Applications/MAMP/htdocs/HealthCareSystem/Business/MasterData.php on line 66
[12-Jul-2015 14:31:28 Europe/Berlin] PHP Fatal error:  Cannot pass parameter 2 by reference in /Applications/MAMP/htdocs/HealthCareSystem/Business/MasterData.php on line 66
[12-Jul-2015 14:33:00 Europe/Berlin] PHP Fatal error:  Cannot pass parameter 2 by reference in /Applications/MAMP/htdocs/HealthCareSystem/Business/MasterData.php on line 66
[12-Jul-2015 14:38:06 Europe/Berlin] PHP Fatal error:  Cannot pass parameter 2 by reference in /Applications/MAMP/htdocs/HealthCareSystem/Business/MasterData.php on line 66
[12-Jul-2015 14:38:07 Europe/Berlin] PHP Fatal error:  Cannot pass parameter 2 by reference in /Applications/MAMP/htdocs/HealthCareSystem/Business/MasterData.php on line 66
[12-Jul-2015 14:38:08 Europe/Berlin] PHP Fatal error:  Cannot pass parameter 2 by reference in /Applications/MAMP/htdocs/HealthCareSystem/Business/MasterData.php on line 66
[12-Jul-2015 14:38:08 Europe/Berlin] PHP Fatal error:  Cannot pass parameter 2 by reference in /Applications/MAMP/htdocs/HealthCareSystem/Business/MasterData.php on line 66
[12-Jul-2015 14:39:36 Europe/Berlin] PHP Fatal error:  Cannot pass parameter 2 by reference in /Applications/MAMP/htdocs/HealthCareSystem/Business/MasterData.php on line 66
[12-Jul-2015 14:39:38 Europe/Berlin] PHP Fatal error:  Cannot pass parameter 2 by reference in /Applications/MAMP/htdocs/HealthCareSystem/Business/MasterData.php on line 66
[12-Jul-2015 14:39:38 Europe/Berlin] PHP Fatal error:  Cannot pass parameter 2 by reference in /Applications/MAMP/htdocs/HealthCareSystem/Business/MasterData.php on line 66
[12-Jul-2015 14:39:38 Europe/Berlin] PHP Fatal error:  Cannot pass parameter 2 by reference in /Applications/MAMP/htdocs/HealthCareSystem/Business/MasterData.php on line 66
[12-Jul-2015 14:39:39 Europe/Berlin] PHP Fatal error:  Cannot pass parameter 2 by reference in /Applications/MAMP/htdocs/HealthCareSystem/Business/MasterData.php on line 66
[12-Jul-2015 14:39:39 Europe/Berlin] PHP Fatal error:  Cannot pass parameter 2 by reference in /Applications/MAMP/htdocs/HealthCareSystem/Business/MasterData.php on line 66
[12-Jul-2015 14:39:39 Europe/Berlin] PHP Fatal error:  Cannot pass parameter 2 by reference in /Applications/MAMP/htdocs/HealthCareSystem/Business/MasterData.php on line 66
[12-Jul-2015 14:40:08 Europe/Berlin] PHP Fatal error:  Cannot pass parameter 2 by reference in /Applications/MAMP/htdocs/HealthCareSystem/Business/MasterData.php on line 66
[12-Jul-2015 14:40:09 Europe/Berlin] PHP Fatal error:  Cannot pass parameter 2 by reference in /Applications/MAMP/htdocs/HealthCareSystem/Business/MasterData.php on line 66
[12-Jul-2015 14:40:09 Europe/Berlin] PHP Fatal error:  Cannot pass parameter 2 by reference in /Applications/MAMP/htdocs/HealthCareSystem/Business/MasterData.php on line 66
[12-Jul-2015 14:40:10 Europe/Berlin] PHP Fatal error:  Cannot pass parameter 2 by reference in /Applications/MAMP/htdocs/HealthCareSystem/Business/MasterData.php on line 66
[12-Jul-2015 14:40:22 Europe/Berlin] PHP Fatal error:  Cannot pass parameter 2 by reference in /Applications/MAMP/htdocs/HealthCareSystem/Business/MasterData.php on line 66
[12-Jul-2015 14:40:23 Europe/Berlin] PHP Fatal error:  Cannot pass parameter 2 by reference in /Applications/MAMP/htdocs/HealthCareSystem/Business/MasterData.php on line 66
[12-Jul-2015 14:40:24 Europe/Berlin] PHP Fatal error:  Cannot pass parameter 2 by reference in /Applications/MAMP/htdocs/HealthCareSystem/Business/MasterData.php on line 66
[12-Jul-2015 14:42:17 Europe/Berlin] PHP Fatal error:  Cannot pass parameter 2 by reference in /Applications/MAMP/htdocs/HealthCareSystem/Business/MasterData.php on line 66
[12-Jul-2015 14:42:18 Europe/Berlin] PHP Fatal error:  Cannot pass parameter 2 by reference in /Applications/MAMP/htdocs/HealthCareSystem/Business/MasterData.php on line 66
[12-Jul-2015 14:42:18 Europe/Berlin] PHP Fatal error:  Cannot pass parameter 2 by reference in /Applications/MAMP/htdocs/HealthCareSystem/Business/MasterData.php on line 66
[12-Jul-2015 14:42:18 Europe/Berlin] PHP Fatal error:  Cannot pass parameter 2 by reference in /Applications/MAMP/htdocs/HealthCareSystem/Business/MasterData.php on line 66
[12-Jul-2015 14:42:19 Europe/Berlin] PHP Fatal error:  Cannot pass parameter 2 by reference in /Applications/MAMP/htdocs/HealthCareSystem/Business/MasterData.php on line 66
[12-Jul-2015 17:51:43 Europe/Berlin] PHP Fatal error:  Call to undefined method PDOStatement::lastInsertId() in /Applications/MAMP/htdocs/HealthCareSystem/Business/DoctorData.php on line 73
[12-Jul-2015 17:53:13 Europe/Berlin] PHP Fatal error:  Call to undefined method PDOStatement::lastInsertId() in /Applications/MAMP/htdocs/HealthCareSystem/Business/DoctorData.php on line 74
[12-Jul-2015 17:54:14 Europe/Berlin] PHP Fatal error:  Call to undefined method PDOStatement::lastInsertId() in /Applications/MAMP/htdocs/HealthCareSystem/Business/DoctorData.php on line 74
[12-Jul-2015 18:01:28 Europe/Berlin] PHP Fatal error:  Call to undefined method PDOStatement::lastInsertId() in /Applications/MAMP/htdocs/HealthCareSystem/Business/DoctorData.php on line 74
[12-Jul-2015 18:02:06 Europe/Berlin] PHP Fatal error:  Call to undefined method PDOStatement::lastInsertId() in /Applications/MAMP/htdocs/HealthCareSystem/Business/DoctorData.php on line 74
[12-Jul-2015 18:02:40 Europe/Berlin] PHP Fatal error:  Call to undefined method PDOStatement::lastInsertId() in /Applications/MAMP/htdocs/HealthCareSystem/Business/DoctorData.php on line 74
[12-Jul-2015 18:06:41 Europe/Berlin] PHP Fatal error:  Call to undefined method PDOStatement::lastInsertId() in /Applications/MAMP/htdocs/HealthCareSystem/Business/DoctorData.php on line 73
[12-Jul-2015 20:04:49 Europe/Berlin] PHP Fatal error:  Allowed memory size of 134217728 bytes exhausted (tried to allocate 130968 bytes) in /Applications/MAMP/htdocs/HealthCareSystem/index.php on line 66
[12-Jul-2015 20:10:19 Europe/Berlin] PHP Fatal error:  Allowed memory size of 134217728 bytes exhausted (tried to allocate 130968 bytes) in /Applications/MAMP/htdocs/HealthCareSystem/index.php on line 66
[12-Jul-2015 20:14:13 Europe/Berlin] PHP Fatal error:  Allowed memory size of 134217728 bytes exhausted (tried to allocate 130968 bytes) in /Applications/MAMP/htdocs/HealthCareSystem/index.php on line 66
[12-Jul-2015 20:17:11 Europe/Berlin] PHP Fatal error:  Allowed memory size of 134217728 bytes exhausted (tried to allocate 130968 bytes) in /Applications/MAMP/htdocs/HealthCareSystem/index.php on line 66
[12-Jul-2015 20:28:16 Europe/Berlin] PHP Fatal error:  Allowed memory size of 134217728 bytes exhausted (tried to allocate 130968 bytes) in /Applications/MAMP/htdocs/HealthCareSystem/index.php on line 66
[12-Jul-2015 20:33:09 Europe/Berlin] PHP Fatal error:  Allowed memory size of 134217728 bytes exhausted (tried to allocate 130968 bytes) in /Applications/MAMP/htdocs/HealthCareSystem/index.php on line 66
[12-Jul-2015 20:33:43 Europe/Berlin] PHP Fatal error:  Allowed memory size of 134217728 bytes exhausted (tried to allocate 130968 bytes) in /Applications/MAMP/htdocs/HealthCareSystem/index.php on line 66
[12-Jul-2015 20:35:01 Europe/Berlin] PHP Fatal error:  Allowed memory size of 134217728 bytes exhausted (tried to allocate 130968 bytes) in /Applications/MAMP/htdocs/HealthCareSystem/index.php on line 66
[12-Jul-2015 20:35:07 Europe/Berlin] PHP Fatal error:  Allowed memory size of 134217728 bytes exhausted (tried to allocate 130968 bytes) in /Applications/MAMP/htdocs/HealthCareSystem/index.php on line 66
[12-Jul-2015 20:35:18 Europe/Berlin] PHP Fatal error:  Allowed memory size of 134217728 bytes exhausted (tried to allocate 130968 bytes) in /Applications/MAMP/htdocs/HealthCareSystem/index.php on line 66
[12-Jul-2015 20:36:14 Europe/Berlin] PHP Fatal error:  Allowed memory size of 134217728 bytes exhausted (tried to allocate 32 bytes) in /Applications/MAMP/htdocs/HealthCareSystem/index.php on line 204
[12-Jul-2015 20:38:32 Europe/Berlin] PHP Fatal error:  Allowed memory size of 134217728 bytes exhausted (tried to allocate 32 bytes) in /Applications/MAMP/htdocs/HealthCareSystem/index.php on line 204
[12-Jul-2015 20:40:41 Europe/Berlin] PHP Fatal error:  Allowed memory size of 134217728 bytes exhausted (tried to allocate 78 bytes) in /Applications/MAMP/htdocs/HealthCareSystem/index.php on line 204
[12-Jul-2015 20:41:06 Europe/Berlin] PHP Fatal error:  Allowed memory size of 134217728 bytes exhausted (tried to allocate 207 bytes) in /Applications/MAMP/htdocs/HealthCareSystem/index.php on line 204
[12-Jul-2015 20:42:18 Europe/Berlin] PHP Fatal error:  Allowed memory size of 134217728 bytes exhausted (tried to allocate 130968 bytes) in /Applications/MAMP/htdocs/HealthCareSystem/Business/DoctorData.php on line 207
[12-Jul-2015 21:18:31 Europe/Berlin] PHP Warning:  Uncaught exception 'ErrorException' with message 'Undefined variable: id' in /Applications/MAMP/htdocs/HealthCareSystem/Business/DoctorData.php:67
Stack trace:
#0 /Applications/MAMP/htdocs/HealthCareSystem/Business/DoctorData.php(67): Slim::handleErrors(8, 'Undefined varia...', '/Applications/M...', 67, Array)
#1 /Applications/MAMP/htdocs/HealthCareSystem/index.php(207): DoctorData->createDoctorData('drpavan', 'hanuman', 'Pavan Kumar Kup...', '07760059002', '07760059002', 'Flat no 205,Uni...', 'kpavan16@hotmai...', 'Nuclear', '3', 'Doctor')
#2 [internal function]: createUser()
#3 /Applications/MAMP/htdocs/HealthCareSystem/Slim/Route.php(392): call_user_func_array('createUser', Array)
#4 /Applications/MAMP/htdocs/HealthCareSystem/Slim/Slim.php(1052): Slim_Route->dispatch()
#5 /Applications/MAMP/htdocs/HealthCareSystem/index.php(28): Slim->run()
#6 {main}
  thrown in /Applications/MAMP/htdocs/HealthCareSystem/Business/DoctorData.php on line 67
[12-Jul-2015 21:18:31 Europe/Berlin] PHP Fatal error:  Cannot access empty property in /Applications/MAMP/htdocs/HealthCareSystem/Business/DoctorData.php on line 67
[12-Jul-2015 21:19:11 Europe/Berlin] PHP Warning:  Uncaught exception 'ErrorException' with message 'Undefined variable: id' in /Applications/MAMP/htdocs/HealthCareSystem/Business/DoctorData.php:67
Stack trace:
#0 /Applications/MAMP/htdocs/HealthCareSystem/Business/DoctorData.php(67): Slim::handleErrors(8, 'Undefined varia...', '/Applications/M...', 67, Array)
#1 /Applications/MAMP/htdocs/HealthCareSystem/index.php(207): DoctorData->createDoctorData('drpavan', 'hanuman', 'Pavan Kumar Kup...', '07760059002', '07760059002', 'Flat no 205,Uni...', 'kpavan16@hotmai...', 'Nuclear', '3', 'Doctor')
#2 [internal function]: createUser()
#3 /Applications/MAMP/htdocs/HealthCareSystem/Slim/Route.php(392): call_user_func_array('createUser', Array)
#4 /Applications/MAMP/htdocs/HealthCareSystem/Slim/Slim.php(1052): Slim_Route->dispatch()
#5 /Applications/MAMP/htdocs/HealthCareSystem/index.php(28): Slim->run()
#6 {main}
  thrown in /Applications/MAMP/htdocs/HealthCareSystem/Business/DoctorData.php on line 67
[12-Jul-2015 21:19:11 Europe/Berlin] PHP Fatal error:  Cannot access empty property in /Applications/MAMP/htdocs/HealthCareSystem/Business/DoctorData.php on line 67
[12-Jul-2015 21:21:17 Europe/Berlin] PHP Warning:  Uncaught exception 'ErrorException' with message 'Undefined variable: id' in /Applications/MAMP/htdocs/HealthCareSystem/Business/DoctorData.php:67
Stack trace:
#0 /Applications/MAMP/htdocs/HealthCareSystem/Business/DoctorData.php(67): Slim::handleErrors(8, 'Undefined varia...', '/Applications/M...', 67, Array)
#1 /Applications/MAMP/htdocs/HealthCareSystem/index.php(207): DoctorData->createDoctorData('drpavan', 'hanuman', 'Pavan Kumar Kup...', '07760059002', '07760059002', 'Flat no 205,Uni...', 'kpavan16@hotmai...', 'Nuclear', '3', 'Doctor')
#2 [internal function]: createUser()
#3 /Applications/MAMP/htdocs/HealthCareSystem/Slim/Route.php(392): call_user_func_array('createUser', Array)
#4 /Applications/MAMP/htdocs/HealthCareSystem/Slim/Slim.php(1052): Slim_Route->dispatch()
#5 /Applications/MAMP/htdocs/HealthCareSystem/index.php(28): Slim->run()
#6 {main}
  thrown in /Applications/MAMP/htdocs/HealthCareSystem/Business/DoctorData.php on line 67
[12-Jul-2015 21:21:17 Europe/Berlin] PHP Fatal error:  Cannot access empty property in /Applications/MAMP/htdocs/HealthCareSystem/Business/DoctorData.php on line 67
[12-Jul-2015 21:21:18 Europe/Berlin] PHP Warning:  Uncaught exception 'ErrorException' with message 'Undefined variable: id' in /Applications/MAMP/htdocs/HealthCareSystem/Business/DoctorData.php:67
Stack trace:
#0 /Applications/MAMP/htdocs/HealthCareSystem/Business/DoctorData.php(67): Slim::handleErrors(8, 'Undefined varia...', '/Applications/M...', 67, Array)
#1 /Applications/MAMP/htdocs/HealthCareSystem/index.php(207): DoctorData->createDoctorData('drpavan', 'hanuman', 'Pavan Kumar Kup...', '07760059002', '07760059002', 'Flat no 205,Uni...', 'kpavan16@hotmai...', 'Nuclear', '3', 'Doctor')
#2 [internal function]: createUser()
#3 /Applications/MAMP/htdocs/HealthCareSystem/Slim/Route.php(392): call_user_func_array('createUser', Array)
#4 /Applications/MAMP/htdocs/HealthCareSystem/Slim/Slim.php(1052): Slim_Route->dispatch()
#5 /Applications/MAMP/htdocs/HealthCareSystem/index.php(28): Slim->run()
#6 {main}
  thrown in /Applications/MAMP/htdocs/HealthCareSystem/Business/DoctorData.php on line 67
[12-Jul-2015 21:21:18 Europe/Berlin] PHP Fatal error:  Cannot access empty property in /Applications/MAMP/htdocs/HealthCareSystem/Business/DoctorData.php on line 67
[12-Jul-2015 21:37:42 Europe/Berlin] PHP Fatal error:  Call to undefined method PDOStatement::lastInsertId() in /Applications/MAMP/htdocs/HealthCareSystem/Business/DoctorData.php on line 139
[12-Jul-2015 21:38:14 Europe/Berlin] PHP Fatal error:  Call to undefined method PDOStatement::lastInsertId() in /Applications/MAMP/htdocs/HealthCareSystem/Business/DoctorData.php on line 139
[12-Jul-2015 21:38:36 Europe/Berlin] PHP Fatal error:  Call to undefined method PDOStatement::lastInsertId() in /Applications/MAMP/htdocs/HealthCareSystem/Business/DoctorData.php on line 139
[12-Jul-2015 21:39:36 Europe/Berlin] PHP Fatal error:  Call to undefined method PDOStatement::lastInsertId() in /Applications/MAMP/htdocs/HealthCareSystem/Business/DoctorData.php on line 139
[12-Jul-2015 21:40:41 Europe/Berlin] PHP Fatal error:  Call to undefined method PDOStatement::lastInsertId() in /Applications/MAMP/htdocs/HealthCareSystem/Business/DoctorData.php on line 139
[12-Jul-2015 21:40:43 Europe/Berlin] PHP Fatal error:  Call to undefined method PDOStatement::lastInsertId() in /Applications/MAMP/htdocs/HealthCareSystem/Business/DoctorData.php on line 139
